0 info it worked if it ends with ok
1 verbose cli [ 'node', '/usr/local/bin/npm', 'publish' ]
2 info using npm@1.4.28
3 info using node@v0.10.35
4 verbose publish [ '.' ]
5 verbose cache add [ '.', null ]
6 verbose cache add name=undefined spec="." args=[".",null]
7 verbose parsed url { protocol: null,
7 verbose parsed url   slashes: null,
7 verbose parsed url   auth: null,
7 verbose parsed url   host: null,
7 verbose parsed url   port: null,
7 verbose parsed url   hostname: null,
7 verbose parsed url   hash: null,
7 verbose parsed url   search: null,
7 verbose parsed url   query: null,
7 verbose parsed url   pathname: '.',
7 verbose parsed url   path: '.',
7 verbose parsed url   href: '.' }
8 silly lockFile 3a52ce78- .
9 verbose lock . /Users/chris/.npm/3a52ce78-.lock
10 verbose tar pack [ '/Users/chris/.npm/rlite/0.0.5/package.tgz', '.' ]
11 verbose tarball /Users/chris/.npm/rlite/0.0.5/package.tgz
12 verbose folder .
13 info prepublish rlite@0.0.5
14 silly lockFile 1f1177db-tar tar://.
15 verbose lock tar://. /Users/chris/.npm/1f1177db-tar.lock
16 silly lockFile c509af6e-hris-npm-rlite-0-0-5-package-tgz tar:///Users/chris/.npm/rlite/0.0.5/package.tgz
17 verbose lock tar:///Users/chris/.npm/rlite/0.0.5/package.tgz /Users/chris/.npm/c509af6e-hris-npm-rlite-0-0-5-package-tgz.lock
18 silly lockFile 1f1177db-tar tar://.
19 silly lockFile 1f1177db-tar tar://.
20 silly lockFile c509af6e-hris-npm-rlite-0-0-5-package-tgz tar:///Users/chris/.npm/rlite/0.0.5/package.tgz
21 silly lockFile c509af6e-hris-npm-rlite-0-0-5-package-tgz tar:///Users/chris/.npm/rlite/0.0.5/package.tgz
22 silly lockFile 81029300-rs-chris-npm-rlite-0-0-5-package /Users/chris/.npm/rlite/0.0.5/package
23 verbose lock /Users/chris/.npm/rlite/0.0.5/package /Users/chris/.npm/81029300-rs-chris-npm-rlite-0-0-5-package.lock
24 silly lockFile 81029300-rs-chris-npm-rlite-0-0-5-package /Users/chris/.npm/rlite/0.0.5/package
25 silly lockFile 81029300-rs-chris-npm-rlite-0-0-5-package /Users/chris/.npm/rlite/0.0.5/package
26 silly lockFile 3a52ce78- .
27 silly lockFile 3a52ce78- .
28 silly publish { name: 'rlite',
28 silly publish   version: '0.0.5',
28 silly publish   description: 'A very tiny, fast client-side router',
28 silly publish   main: 'rlite.js',
28 silly publish   directories: {},
28 silly publish   scripts: {},
28 silly publish   repository: { type: 'git', url: 'https://github.com/chrisdavies/rlite' },
28 silly publish   keywords: [ 'routing' ],
28 silly publish   author: { name: 'Chris Davies', email: 'ferociousturtle@gmail.com' },
28 silly publish   license: 'MIT',
28 silly publish   bugs: { url: 'https://github.com/chrisdavies/rlite/issues' },
28 silly publish   homepage: 'https://github.com/chrisdavies/rlite',
28 silly publish   readme: '# rlite\n\nTiny, light-weight JavaScript routing with zero dependencies.\n\n## Usage\nRlite does not come with any explicit tie into HTML5 push state or hash-change events, but these are easy enough to tie in based on your needs. Here\'s an example:\n\n    var r = Rlite();\n\n    // Default route\n    r.add(\'\', function () {\n        document.title = \'Home\';\n    });\n\n    // #inbox\n    r.add(\'inbox\', function () {\n        document.title = \'In\';\n    });\n\n    // #sent?to=john -> r.params.to will equal \'john\'\n    r.add(\'sent\', function (r) {\n        document.title = \'Out \' + r.params.to;\n    });\n\n    // #users/chris -> r.params.name will equal \'chris\'\n    r.add(\'users/:name\', function (r) {\n        document.title = \'User \' + r.params.name;\n    });\n\n    // #logout\n    r.add(\'logout\', function () {\n        document.title = \'Logout\';\n    });\n\n    // Hash-based routing\n    function processHash() {\n        var hash = location.hash || \'#\';\n        r.run(hash.substr(1));\n    }\n\n    window.addEventListener(\'hashchange\', processHash);\n    processHash();\n\nThe previous examples should be relatively self-explantatory. Simple, parameterized routes are supported. Only relative URLs are supported. (So, instead of passing: \'http://example.com/users/1\', pass \'/users/1\').\n\nOne other non-obvious thing is this: if there is a query parameter with the same name as a route parameter, it will override the route parameter. So given the following route definition:\n\n    /users/:name\n\nIf you pass the following URL:\n\n    /users/chris?name=joe\n\nThe value of params.name will be \'joe\', not \'chris\'.\n\n### Browserify\nThis library is [CommonJS](http://www.commonjs.org/) compatible, so you can use it in this way:\n\n```javascript\nvar Rlite = require(\'rlite\'),\nroutes = new Rlite();\n\nroutes.add(\'\', function () {\n...\n```\n\n## Handling 404s\n\nRlite\'s run method returns true if the route matched and false if it didn\'t.\n\nSo, you could do a 404 like this:\n\n    if (!r.run(hash.substr(1))) {\n      show404Page();\n    }\n\n## Multiple Handlers\n\nBy default, Rlite doesn\'t allow more than one handler per route. So, if\nyou were to do this:\n\n    r.add(\'hey/:name\', function (r) {\n        // This will never run because the\n        // next registration overwrites this one\n    });\n\n    r.add(\'hey/:name\', function(r) {\n        // This will run. Last one in wins!\n    });\n\nIf you want to have multiple handlers for the same route, you can\ninclude plugins/rlite-handlers.min.js, so your scripts might look like:\n\n    <script src="rlite.min.js"></script>\n    <script src="plugins/rlite-handlers.min.js"></scripts>\n\nYou\'d use it like this:\n\n    var r = Rlite();\n\n    function setTitle(r) {\n      document.title = r.params.name;\n    }\n\n    function logName(r) {\n      console.log(r.params.name);\n    }\n\n    r.add(\'example/:name\', Rlite.handlers(setTitle, logName));\n\n## Installation\n\nJust download rlite.min.js, or use bower:\n\n    bower install rlite\n\n## License MIT\n\nCopyright (c) 2015 Chris Davies\n\nPermission is hereby granted, free of charge, to any person\nobtaining a copy of this software and associated documentation\nfiles (the "Software"), to deal in the Software without\nrestriction, including without limitation the rights to use,\ncopy, modify, merge, publish, distribute, sublicense, and/or sell\ncopies of the Software, and to permit persons to whom the\nSoftware is furnished to do so, subject to the following\nconditions:\n\nThe above copyright notice and this permission notice shall be\nincluded in all copies or substantial portions of the Software.\n\nTHE SOFTWARE IS PROVIDED "AS IS", WITHOUT WARRANTY OF ANY KIND,\nEXPRESS OR IMPLIED, INCLUDING BUT NOT LIMITED TO THE WARRANTIES\nOF MERCHANTABILITY, FITNESS FOR A PARTICULAR PURPOSE AND\nNONINFRINGEMENT. IN NO EVENT SHALL THE AUTHORS OR COPYRIGHT\nHOLDERS BE LIABLE FOR ANY CLAIM, DAMAGES OR OTHER LIABILITY,\nWHETHER IN AN ACTION OF CONTRACT, TORT OR OTHERWISE, ARISING\nFROM, OUT OF OR IN CONNECTION WITH THE SOFTWARE OR THE USE OR\nOTHER DEALINGS IN THE SOFTWARE.\n',
28 silly publish   readmeFilename: 'README.md',
28 silly publish   gitHead: '9ccb860353cb8231fcde5716207eeefaf4060f16',
28 silly publish   _id: 'rlite@0.0.5',
28 silly publish   _shasum: 'a11c821306c355aaf4b9b5e6609380ded2ef90af',
28 silly publish   _from: '.' }
29 verbose request where is /rlite
30 verbose request registry https://registry.npmjs.org/
31 verbose request id 55d9865bec971314
32 verbose url raw /rlite
33 verbose url resolving [ 'https://registry.npmjs.org/', './rlite' ]
34 verbose url resolved https://registry.npmjs.org/rlite
35 verbose request where is https://registry.npmjs.org/rlite
36 info trying registry request attempt 1 at 19:33:46
37 http PUT https://registry.npmjs.org/rlite
38 http 403 https://registry.npmjs.org/rlite
39 verbose headers { date: 'Thu, 05 Mar 2015 00:33:46 GMT',
39 verbose headers   server: 'CouchDB/1.5.0 (Erlang OTP/R16B03)',
39 verbose headers   'content-type': 'application/json',
39 verbose headers   'cache-control': 'max-age=60',
39 verbose headers   'content-length': '6963',
39 verbose headers   'accept-ranges': 'bytes',
39 verbose headers   via: '1.1 varnish',
39 verbose headers   'x-served-by': 'cache-iad2141-IAD',
39 verbose headers   'x-cache': 'MISS',
39 verbose headers   'x-cache-hits': '0',
39 verbose headers   'x-timer': 'S1425515626.443345,VS0,VE399',
39 verbose headers   'keep-alive': 'timeout=10, max=50',
39 verbose headers   connection: 'Keep-Alive' }
40 error publish Failed PUT 403
41 error Error: forbidden user: chrisdavies not authorized to modify rlite
41 error Changed: description "rlite client library" -> "A very tiny, fast client-side router"
41 error Changed: dist-tags.latest "0.1.0" -> "0.0.5"
41 error Added: versions.0.0.5
41 error Changed: readme "# rlite-js\u000a\u000a[![Build Status](https://travis-ci.org/seppo0010/rlite-js.svg?branch=master)](https://travis-ci.org/seppo0010/rlite-js)\u000a\u000anode.js bindings for rlite. For more information about rlite, go to\u000a[rlite repository](https://github.com/seppo0010/rlite)\u000a\u000a## Installation\u000a\u000a```bash\u000a$ npm install rlite\u000a```\u000a\u000a## Usage\u000a\u000a```js\u000a> var rlite = require('rlite');\u000aundefined\u000a> var r = rlite.createClient(':memory:');\u000aundefined\u000a> r.command(['set', 'key', 'value'], function(err, ret) {\u000a        if (!err) {\u000a            r.command(['get', 'key'], function(err, ret) {\u000a                console.log(ret)\u000a            });\u000a        }\u000a});\u000aundefined\u000a> value\u000a```\u000a\u000a### Synchronically\u000a\u000a```js\u000a> var rlite = require('rlite');\u000aundefined\u000a> var r = rlite.createClient(':memory:');\u000aundefined\u000a> r.commandSync(['set', 'key', 'value']);\u000a'OK'\u000a> r.commandSync(['get', 'key']);\u000a'value'\u000a```\u000a" -> "# rlite\u000a\u000aTiny, light-weight JavaScript routing with zero dependencies.\u000a\u000a## Usage\u000aRlite does not come with any explicit tie into HTML5 push state or hash-change events, but these are easy enough to tie in based on your needs. Here's an example:\u000a\u000a    var r = Rlite();\u000a\u000a    // Default route\u000a    r.add('', function () {\u000a        document.title = 'Home';\u000a    });\u000a\u000a    // #inbox\u000a    r.add('inbox', function () {\u000a        document.title = 'In';\u000a    });\u000a\u000a    // #sent?to=john -> r.params.to will equal 'john'\u000a    r.add('sent', function (r) {\u000a        document.title = 'Out ' + r.params.to;\u000a    });\u000a\u000a    // #users/chris -> r.params.name will equal 'chris'\u000a    r.add('users/:name', function (r) {\u000a        document.title = 'User ' + r.params.name;\u000a    });\u000a\u000a    // #logout\u000a    r.add('logout', function () {\u000a        document.title = 'Logout';\u000a    });\u000a\u000a    // Hash-based routing\u000a    function processHash() {\u000a        var hash = location.hash || '#';\u000a        r.run(hash.substr(1));\u000a    }\u000a\u000a    window.addEventListener('hashchange', processHash);\u000a    processHash();\u000a\u000aThe previous examples should be relatively self-explantatory. Simple, parameterized routes are supported. Only relative URLs are supported. (So, instead of passing: 'http://example.com/users/1', pass '/users/1').\u000a\u000aOne other non-obvious thing is this: if there is a query parameter with the same name as a route parameter, it will override the route parameter. So given the following route definition:\u000a\u000a    /users/:name\u000a\u000aIf you pass the following URL:\u000a\u000a    /users/chris?name=joe\u000a\u000aThe value of params.name will be 'joe', not 'chris'.\u000a\u000a### Browserify\u000aThis library is [CommonJS](http://www.commonjs.org/) compatible, so you can use it in this way:\u000a\u000a```javascript\u000avar Rlite = require('rlite'),\u000aroutes = new Rlite();\u000a\u000aroutes.add('', function () {\u000a...\u000a```\u000a\u000a## Handling 404s\u000a\u000aRlite's run method returns true if the route matched and false if it didn't.\u000a\u000aSo, you could do a 404 like this:\u000a\u000a    if (!r.run(hash.substr(1))) {\u000a      show404Page();\u000a    }\u000a\u000a## Multiple Handlers\u000a\u000aBy default, Rlite doesn't allow more than one handler per route. So, if\u000ayou were to do this:\u000a\u000a    r.add('hey/:name', function (r) {\u000a        // This will never run because the\u000a        // next registration overwrites this one\u000a    });\u000a\u000a    r.add('hey/:name', function(r) {\u000a        // This will run. Last one in wins!\u000a    });\u000a\u000aIf you want to have multiple handlers for the same route, you can\u000ainclude plugins/rlite-handlers.min.js, so your scripts might look like:\u000a\u000a    <script src=\"rlite.min.js\"></script>\u000a    <script src=\"plugins/rlite-handlers.min.js\"></scripts>\u000a\u000aYou'd use it like this:\u000a\u000a    var r = Rlite();\u000a\u000a    function setTitle(r) {\u000a      document.title = r.params.name;\u000a    }\u000a\u000a    function logName(r) {\u000a      console.log(r.params.name);\u000a    }\u000a\u000a    r.add('example/:name', Rlite.handlers(setTitle, logName));\u000a\u000a## Installation\u000a\u000aJust download rlite.min.js, or use bower:\u000a\u000a    bower install rlite\u000a\u000a## License MIT\u000a\u000aCopyright (c) 2015 Chris Davies\u000a\u000aPermission is hereby granted, free of charge, to any person\u000aobtaining a copy of this software and associated documentation\u000afiles (the \"Software\"), to deal in the Software without\u000arestriction, including without limitation the rights to use,\u000acopy, modify, merge, publish, distribute, sublicense, and/or sell\u000acopies of the Software, and to permit persons to whom the\u000aSoftware is furnished to do so, subject to the following\u000aconditions:\u000a\u000aThe above copyright notice and this permission notice shall be\u000aincluded in all copies or substantial portions of the Software.\u000a\u000aTHE SOFTWARE IS PROVIDED \"AS IS\", WITHOUT WARRANTY OF ANY KIND,\u000aEXPRESS OR IMPLIED, INCLUDING BUT NOT LIMITED TO THE WARRANTIES\u000aOF MERCHANTABILITY, FITNESS FOR A PARTICULAR PURPOSE AND\u000aNONINFRINGEMENT. IN NO EVENT SHALL THE AUTHORS OR COPYRIGHT\u000aHOLDERS BE LIABLE FOR ANY CLAIM, DAMAGES OR OTHER LIABILITY,\u000aWHETHER IN AN ACTION OF CONTRACT, TORT OR OTHERWISE, ARISING\u000aFROM, OUT OF OR IN CONNECTION WITH THE SOFTWARE OR THE USE OR\u000aOTHER DEALINGS IN THE SOFTWARE.\u000a"
41 error Changed: time.modified "2015-03-03T01:33:28.596Z" -> "2015-03-05T00:33:46.793Z"
41 error Added: time.0.0.5
41 error Changed: homepage "https://github.com/seppo0010/rlite-js" -> "https://github.com/chrisdavies/rlite"
41 error Changed: keywords.0 "redis" -> "routing"
41 error Deleted: keywords.1
41 error Deleted: keywords.2
41 error Changed: repository.url "git://github.com/seppo0010/rlite-js.git" -> "https://github.com/chrisdavies/rlite"
41 error Changed: author.name "Sebastian Waisbrot" -> "Chris Davies"
41 error Changed: author.email "seppo0010@gmail.com" -> "ferociousturtle@gmail.com"
41 error Changed: bugs.url "https://github.com/seppo0010/rlite-js/issues" -> "https://github.com/chrisdavies/rlite/issues"
41 error Changed: license "BSD" -> "MIT"
41 error Added: _attachments: rlite
41 error     at RegClient.<anonymous> (/usr/local/lib/node_modules/npm/node_modules/npm-registry-client/lib/request.js:308:14)
41 error     at Request._callback (/usr/local/lib/node_modules/npm/node_modules/npm-registry-client/lib/request.js:246:65)
41 error     at Request.self.callback (/usr/local/lib/node_modules/npm/node_modules/request/request.js:236:22)
41 error     at Request.emit (events.js:98:17)
41 error     at Request.<anonymous> (/usr/local/lib/node_modules/npm/node_modules/request/request.js:1142:14)
41 error     at Request.emit (events.js:117:20)
41 error     at IncomingMessage.<anonymous> (/usr/local/lib/node_modules/npm/node_modules/request/request.js:1096:12)
41 error     at IncomingMessage.emit (events.js:117:20)
41 error     at _stream_readable.js:944:16
41 error     at process._tickCallback (node.js:442:13)
42 error If you need help, you may report this *entire* log,
42 error including the npm and node versions, at:
42 error     <http://github.com/npm/npm/issues>
43 error System Darwin 14.1.0
44 error command "node" "/usr/local/bin/npm" "publish"
45 error cwd /Users/chris/dev/tinker/rlite
46 error node -v v0.10.35
47 error npm -v 1.4.28
48 verbose exit [ 1, true ]
